<?xml version="1.0" encoding="UTF-8"?>
<!-- Generated by org.testng.reporters.JUnitReportReporter -->
<testsuite hostname="DESKTOP-VTNF391" failures="0" tests="1" name="com.crm.contacts.CreateContactEditcontactDeleteContact" time="20.593" errors="0" timestamp="2023-01-31T08:30:17 IST" skipped="0">
  <testcase classname="com.crm.contacts.CreateContactEditcontactDeleteContact" name="createContact" time="20.593"/>
  <system-out>
    <![CDATA[contact is created
last name is edited
contact is deleted]]>
  </system-out>
</testsuite> <!-- com.crm.contacts.CreateContactEditcontactDeleteContact -->
