<?xml version="1.0" encoding="UTF-8"?>
<!-- Generated by org.testng.reporters.JUnitReportReporter -->
<testsuite hostname="DESKTOP-VTNF391" failures="0" tests="1" name="com.crm.SalesOrganisation.CreateEditDeleteOrganisationTest" time="20.673" errors="0" timestamp="2023-01-25T21:37:29 IST" skipped="0">
  <testcase classname="com.crm.SalesOrganisation.CreateEditDeleteOrganisationTest" name="createEditDeleteTest" time="20.673"/>
  <system-out>
    <![CDATA[Organisation is created
Organisation is edited successfully
Organisation is deleted successfully]]>
  </system-out>
</testsuite> <!-- com.crm.SalesOrganisation.CreateEditDeleteOrganisationTest -->
