<?xml version="1.0" encoding="UTF-8"?>
<!-- Generated by org.testng.reporters.JUnitReportReporter -->
<testsuite hostname="DESKTOP-VTNF391" failures="0" tests="1" name="com.crm.createCampaigns.CreateCampaignTest" time="20.539" errors="0" timestamp="2023-01-31T08:30:17 IST" skipped="0">
  <testcase classname="com.crm.createCampaigns.CreateCampaignTest" name="createCampaignTest" time="20.539"/>
  <system-out>
    <![CDATA[Campaign is created
Campaign is edited
Campaign is deleted]]>
  </system-out>
</testsuite> <!-- com.crm.createCampaigns.CreateCampaignTest -->
