<?xml version="1.0" encoding="UTF-8"?>
<!-- Generated by org.testng.reporters.JUnitReportReporter -->
<testsuite hostname="DESKTOP-VTNF391" failures="0" tests="1" name="com.crm.organisation.CreateEditDeleteOrganisation" time="17.564" errors="0" timestamp="2023-01-31T08:30:17 IST" skipped="0">
  <testcase classname="com.crm.organisation.CreateEditDeleteOrganisation" name="createEditDeleteOrganisation" time="17.564"/>
  <system-out>
    <![CDATA[organisation is created
organisation name is successfully edited
Organisation is successfully deleted]]>
  </system-out>
</testsuite> <!-- com.crm.organisation.CreateEditDeleteOrganisation -->
