<?xml version="1.0" encoding="UTF-8"?>
<!-- Generated by org.testng.reporters.JUnitReportReporter -->
<testsuite hostname="DESKTOP-VTNF391" failures="0" tests="1" name="com.crm.SalesProduct.CreateEditDeleteProduct" time="23.611" errors="0" timestamp="2023-01-26T20:55:23 IST" skipped="0">
  <testcase classname="com.crm.SalesProduct.CreateEditDeleteProduct" name="createEditDeleteProduct" time="23.611"/>
  <system-out>
    <![CDATA[Product is created
Product is edited successfully
Product is deleted successfully]]>
  </system-out>
</testsuite> <!-- com.crm.SalesProduct.CreateEditDeleteProduct -->
