<?xml version="1.0" encoding="UTF-8"?>
<!-- Generated by org.testng.reporters.JUnitReportReporter -->
<testsuite hostname="DESKTOP-VTNF391" failures="0" tests="1" name="com.crm.SupportTickets.AddEditDeleteTicket" time="35.512" errors="0" timestamp="2023-01-28T20:10:41 IST" skipped="0">
  <testcase classname="com.crm.SupportTickets.AddEditDeleteTicket" name="addEditDeleteTicket" time="35.512"/>
  <system-out/>
</testsuite> <!-- com.crm.SupportTickets.AddEditDeleteTicket -->
