<?xml version="1.0" encoding="UTF-8"?>
<!-- Generated by org.testng.reporters.JUnitReportReporter -->
<testsuite hostname="DESKTOP-VTNF391" failures="0" tests="1" name="com.crm.createCampaigns.CreateCampaignTest" time="23.328" errors="0" timestamp="2023-01-30T16:57:49 IST" skipped="0">
  <testcase classname="com.crm.createCampaigns.CreateCampaignTest" name="createCampaignTest" time="23.328"/>
  <system-out/>
</testsuite> <!-- com.crm.createCampaigns.CreateCampaignTest -->
